{
  '0': {
    ID: 25544,
    Name: 'ISS (ZARYA)',
    Date: '2021-09-23T06:09:12+00:00',
    line1: '1 25544U 98067A   21266.25639253  .00001787  00000-0  41364-4 0  9997',
    line2: '2 25544  51.6435 217.8250 0003489  44.5447 102.6278 15.48425490303793'
  },
  '1': {
    ID: 43809,
    Name: 'CENTAURI-1',
    Date: '2021-09-23T03:30:33+00:00',
    line1: '1 43809U 18099BD  21266.14622006  .00000938  00000-0  88652-4 0  9992',
    line2: '2 43809  97.6563 334.9045 0016806  85.9986 274.3156 14.95924111152807'
  },
  '2': {
    ID: 43722,
    Name: 'CENTAURI-2',
    Date: '2021-09-23T04:00:58+00:00',
    line1: '1 43722U 18096D   21266.16734372  .00006071  00000-0  20605-3 0  9992',
    line2: '2 43722  97.3820 343.5788 0014451 283.6994  76.2638 15.30786060157105'
  },
  '3': {
    ID: 44072,
    Name: 'PRISMA',
    Date: '2021-09-23T03:26:15+00:00',
    line1: '1 44072U 19015A   21266.14323140  .00000107  00000-0  19403-4 0  9997',
    line2: '2 44072  97.8793 339.7469 0001229 106.5314 253.5248 14.83650911135823'
  },
  '4': {
    ID: 43694,
    Name: 'PROXIMA I',
    Date: '2021-09-22T17:09:58+00:00',
    line1: '1 43694U 18088E   21265.71526440  .00002005  00000-0  82426-4 0  9999',
    line2: '2 43694  85.0304 130.8626 0019598  28.1843 332.0455 15.23292028159182'
  },
  '5': {
    ID: 43696,
    Name: 'PROXIMA II',
    Date: '2021-09-22T09:14:47+00:00',
    line1: '1 43696U 18088G   21265.38526844  .00001956  00000-0  80412-4 0  9999',
    line2: '2 43696  85.0307 131.0921 0019697  29.2422 330.9919 15.23286092159123'
  },
  '6': {
    ID: 47966,
    Name: 'CENTAURI-3 (TYVAK-0210)',
    Date: '2021-09-22T14:13:37+00:00',
    line1: '1 47966U 21023B   21265.59279698  .00001347  00000-0  11003-3 0  9994',
    line2: '2 47966  45.0032 214.9107 0006665 244.9861 115.0322 15.04955498 27664'
  },
  '7': {
    ID: 43638,
    Name: '1998-067PN',
    Date: '2021-09-22T00:22:06+00:00',
    line1: '1 43638U 98067PN  21265.01535161  .02942048  12115-4  63609-3 0  9992',
    line2: '2 43638  51.6164  93.2550 0010739 283.1898  76.7926 16.29659162169484'
  },
  '8': {
    ID: 39150,
    Name: 'GAOFEN 1',
    Date: '2021-09-23T02:18:54+00:00',
    line1: '1 39150U 13018A   21266.09646017  .00000045  00000-0  13623-4 0  9999',
    line2: '2 39150  97.8236 335.8996 0020247  65.5081 294.8258 14.76582029453282'
  },
  '9': {
    ID: 33591,
    Name: 'NOAA 19',
    Date: '2021-09-23T03:54:55+00:00',
    line1: '1 33591U 09005A   21266.16314745  .00000042  00000-0  48294-4 0  9990',
    line2: '2 33591  99.1796 289.2708 0013384 215.1704 144.8585 14.12496516650712'
  },
  '10': {
    ID: 27607,
    Name: 'SAUDISAT 1C (SO-50)',
    Date: '2021-09-23T02:02:20+00:00',
    line1: '1 27607U 02058C   21266.08495432  .00000053  00000-0  28063-4 0  9990',
    line2: '2 27607  64.5563  39.7816 0052780 352.1535   7.8735 14.75790641  9129'
  },
  '11': {
    ID: 44742,
    Name: 'STARLINK-1037',
    Date: '2021-09-23T03:50:16+00:00',
    line1: '1 44742U 19074AF  21266.15990821  .00004837  00000-0  32392-3 0  9998',
    line2: '2 44742  52.9977 312.0764 0001607  54.2088 305.9051 15.08590489103237'
  },
  '12': {
    ID: 25994,
    Name: 'TERRA',
    Date: '2021-09-23T05:02:35+00:00',
    line1: '1 25994U 99068A   21266.21013406  .00000097  00000-0  31551-4 0  9990',
    line2: '2 25994  98.1688 338.8091 0001391  92.7136 288.2288 14.57130367157700'
  },
  '13': {
    ID: 39444,
    Name: 'FUNCUBE-1 (AO-73)',
    Date: '2021-09-22T16:42:42+00:00',
    line1: '1 39444U 13066AE  21265.69632071  .00000419  00000-0  57094-4 0  9993',
    line2: '2 39444  97.5927 247.4150 0057122 190.6701 169.3306 14.82521614421840'
  },
  '14': {
    ID: 42784,
    Name: 'PEGASUS',
    Date: '2021-09-22T16:52:29+00:00',
    line1: '1 42784U 17036V   21265.70311990  .00002833  00000-0  11667-3 0  9998',
    line2: '2 42784  97.2408 311.6297 0011076 186.9211 173.1876 15.24856628236178'
  },
  '15': {
    ID: 39265,
    Name: 'CASSIOPE',
    Date: '2021-09-22T15:51:52+00:00',
    line1: '1 39265U 13055A   21265.66102909  .00011645  00000-0  32002-3 0  9995',
    line2: '2 39265  80.9692 189.9691 0646298  28.4050 335.0810 14.33071761413919'
  },
  '16': {
    ID: 45598,
    Name: 'QUETZAL-1',
    Date: '2021-09-22T04:38:24+00:00',
    line1: '1 45598U 98067RL  21265.19333481  .00039997  00000-0  41637-3 0  9990',
    line2: '2 45598  51.6382 199.8024 0001917  64.8487 295.2707 15.64158098 79674'
  },
  '17': {
    ID: 35932,
    Name: 'SWISSCUBE',
    Date: '2021-09-23T00:56:49+00:00',
    line1: '1 35932U 09051B   21266.03946739  .00000169  00000-0  48980-4 0  9994',
    line2: '2 35932  98.5960 109.1033 0008129 141.2585 218.9196 14.56580548637204'
  },
  '18': {
    ID: 41173,
    Name: 'DAMPE',
    Date: '2021-09-23T04:55:47+00:00',
    line1: '1 41173U 15078A   21266.20540831  .00000195  00000-0  10902-4 0  9998',
    line2: '2 41173  97.3559 256.5120 0015512  63.4629 353.0052 15.24055946320870'
  },
  '19': {
    ID: 31135,
    Name: 'AGILE',
    Date: '2021-09-22T10:54:47+00:00',
    line1: '1 31135U 07013A   21265.45471295  .00004056  00000-0  84554-4 0  9992',
    line2: '2 31135   2.4665 177.6747 0011481 206.3813 153.5656 15.34015029803074'
  }
}
